<?xml version="1.0" encoding="UTF-8"?>
<!-- Generated by org.testng.reporters.JUnitReportReporter -->
<testsuite hostname="LAPTOP-VFKJ2SC9" failures="0" tests="2" name="Academy.HomePage" time="45.376" errors="0" timestamp="2022-06-26T15:41:34 IST" skipped="0">
  <testcase classname="Academy.HomePage" name="home" time="21.698"/>
  <system-out/>
  <testcase classname="Academy.HomePage" name="home" time="23.678"/>
  <system-out/>
</testsuite> <!-- Academy.HomePage -->
