<?xml version="1.0" encoding="UTF-8"?>
<!-- Generated by org.testng.reporters.JUnitReportReporter -->
<testsuite hostname="LAPTOP-VFKJ2SC9" failures="0" tests="1" name="Academy.AppTest" time="0.190" errors="0" timestamp="2022-06-26T15:40:33 IST" skipped="0">
  <testcase classname="Academy.AppTest" name="VerifyFirstFeaturedCourse" time="0.190"/>
  <system-out/>
</testsuite> <!-- Academy.AppTest -->
