<?xml version="1.0" encoding="UTF-8"?>
<!-- Generated by org.testng.reporters.JUnitReportReporter -->
<testsuite hostname="LAPTOP-VFKJ2SC9" failures="0" tests="1" name="Academy.ForgotPassword" time="1.333" errors="0" timestamp="2022-06-27T14:27:11 IST" skipped="0">
  <testcase classname="Academy.ForgotPassword" name="ForgotPassword" time="1.333"/>
  <system-out/>
</testsuite> <!-- Academy.ForgotPassword -->
