<?xml version="1.0" encoding="UTF-8"?>
<!-- Generated by org.testng.reporters.JUnitReportReporter -->
<testsuite hostname="LAPTOP-VFKJ2SC9" failures="0" tests="2" name="Academy.HomePage" time="84.628" errors="0" timestamp="2022-06-27T01:56:32 IST" skipped="0">
  <testcase classname="Academy.HomePage" name="home" time="46.401"/>
  <system-out/>
  <testcase classname="Academy.HomePage" name="home" time="38.227"/>
  <system-out/>
</testsuite> <!-- Academy.HomePage -->
