<?xml version="1.0" encoding="UTF-8"?>
<!-- Generated by org.testng.reporters.JUnitReportReporter -->
<testsuite hostname="LAPTOP-VFKJ2SC9" failures="0" tests="1" name="Academy.AppTest" time="0.647" errors="0" timestamp="2022-06-27T01:56:32 IST" skipped="0">
  <testcase classname="Academy.AppTest" name="VerifyFirstFeaturedCourse" time="0.647"/>
  <system-out/>
</testsuite> <!-- Academy.AppTest -->
